C51 COMPILER V9.00   INIT                                                                  11/04/2018 22:13:58 PAGE 1   


C51 COMPILER V9.00, COMPILATION OF MODULE INIT
OBJECT MODULE PLACED IN init.OBJ
COMPILER INVOKED BY: D:\Program Files (x86)\KEIL4\C51\BIN\C51.EXE init.c BROWSE DEBUG OBJECTEXTEND

line level    source

   1          #include "Init.h"
   2          void Mn_Init(void)
   3          {
   4   1              Led_Init();
   5   1      }


MODULE INFORMATION:   STATIC OVERLAYABLE
   CODE SIZE        =      3    ----
   CONSTANT SIZE    =   ----    ----
   XDATA SIZE       =   ----    ----
   PDATA SIZE       =   ----    ----
   DATA SIZE        =   ----    ----
   IDATA SIZE       =   ----    ----
   BIT SIZE         =   ----    ----
END OF MODULE INFORMATION.


C51 COMPILATION COMPLETE.  0 WARNING(S),  0 ERROR(S)
