C51 COMPILER V9.00   APP                                                                   11/04/2018 22:13:58 PAGE 1   


C51 COMPILER V9.00, COMPILATION OF MODULE APP
OBJECT MODULE PLACED IN app.OBJ
COMPILER INVOKED BY: D:\Program Files (x86)\KEIL4\C51\BIN\C51.EXE app.c BROWSE DEBUG OBJECTEXTEND

line level    source

   1          #include "app.h"
   2          #include "delay.h"
   3          
   4          void LedDisp(uchar i,uchar j,uchar m,uchar n)
   5          {
   6   1              LedDispBuff[0] = i;
   7   1              LedDispBuff[1] = j;
   8   1              LedDispBuff[2] = m;
   9   1              LedDispBuff[3] = n;
  10   1      }
  11          void Mn_App(void)
  12          { 
  13   1              Delay_Ms(1000);
  14   1              LedDisp(0,1,2,3);
  15   1              Mn_Led();
  16   1              Delay_Ms(1000);
  17   1              LedDisp(4,5,6,7);
  18   1              Mn_Led();
  19   1              Delay_Ms(1000);
  20   1              LedDisp(8,9,10,11);
  21   1              Mn_Led();
  22   1              Delay_Ms(1000);
  23   1              LedDisp(12,13,14,15);
  24   1              Mn_Led();
  25   1              Delay_Ms(1000);
  26   1              LedDisp(16,17,18,19);
  27   1              Mn_Led();
  28   1              Delay_Ms(1000);
  29   1              LedDisp(20,21,22,23);
  30   1              Mn_Led();
  31   1              Delay_Ms(1000);
  32   1              LedDisp(24,25,26,27);
  33   1              Mn_Led();
  34   1              Delay_Ms(1000);
  35   1              LedDisp(6,6,6,6);
  36   1              Mn_Led2();
  37   1              Delay_Ms(5000);         
  38   1      }


MODULE INFORMATION:   STATIC OVERLAYABLE
   CODE SIZE        =    193    ----
   CONSTANT SIZE    =   ----    ----
   XDATA SIZE       =   ----    ----
   PDATA SIZE       =   ----    ----
   DATA SIZE        =   ----       4
   IDATA SIZE       =   ----    ----
   BIT SIZE         =   ----    ----
END OF MODULE INFORMATION.


C51 COMPILATION COMPLETE.  0 WARNING(S),  0 ERROR(S)
