C51 COMPILER V9.00   LEDSCAN                                                               11/04/2018 22:13:58 PAGE 1   


C51 COMPILER V9.00, COMPILATION OF MODULE LEDSCAN
OBJECT MODULE PLACED IN ledscan.OBJ
COMPILER INVOKED BY: D:\Program Files (x86)\KEIL4\C51\BIN\C51.EXE ledscan.c BROWSE DEBUG OBJECTEXTEND

line level    source

   1          #include "LedScan.h"
   2          #include "app.h"
   3          #include "delay.h"
   4          
   5          #define LedNum  4
   6          #define ScanTime   10
   7          #define DataPort   P1
   8          #define ComPort         P0
   9          uchar data LedDispBuff[LedNum];
  10          uchar data ComPortBuf;
  11          uchar data ScanBitCnt;
  12          uchar data ScanTimeCnt;
  13          uchar code SegCode[]={ 0xc0,0xf9,0xa4,0xb0,
  14                                             0x99,0x92,0x82,0xf8,
  15                                                     0x80,0x90,0xff,0x88,
  16                                                     0x83,0xc6,0xa1,0x86,
  17                                             0x8e,0x8c,0xc1,0x89,
  18                                                     0xc7,0xbf,0x91,0x92,
  19                                                     0xf7,0x8b,0xc2,0xa3
  20                                                     };
  21          void Led_Init(void)
  22          {
  23   1              LedDispBuff[0] = 0;
  24   1              LedDispBuff[1] = 0;
  25   1              LedDispBuff[2] = 0;
  26   1              LedDispBuff[3] = 0;
  27   1              ComPortBuf = 0xff;
  28   1              ScanBitCnt = 0;
  29   1      }
  30          
  31          void Mn_Led(void)
  32          {
  33   1              ComPortBuf = 0xfe;
  34   1              for(ScanBitCnt = 0;ScanBitCnt <=3;ScanBitCnt++)
  35   1              {
  36   2                      DataPort = SegCode[LedDispBuff[ScanBitCnt]];
  37   2                      ComPort = ComPortBuf;
  38   2                      Delay_Ms(1000);
  39   2                      ComPortBuf <<= 1;
  40   2                      ComPortBuf++;
  41   2              }
  42   1      }
  43          void Mn_Led2(void)
  44          {
  45   1              ComPortBuf = 0xfe;
  46   1              for(ScanBitCnt = 0;ScanBitCnt <=3;ScanBitCnt++)
  47   1              {
  48   2                      DataPort = SegCode[LedDispBuff[ScanBitCnt]];
  49   2                      ComPort = ComPortBuf;
  50   2                      Delay_Ms(100);
  51   2                      ComPortBuf <<= 1;
  52   2                      ComPortBuf++;
  53   2              }
  54   1      }
  55          //void Mn_Led(void)
C51 COMPILER V9.00   LEDSCAN                                                               11/04/2018 22:13:58 PAGE 2   

  56          //{
  57          //      ComPortBuf = 0x0f;
  58          //      for(ScanBitCnt = 0;ScanBitCnt < 4;ScanBitCnt++)
  59          //      {
  60          //              DataPort = SegCode[LedDispBuff[ScanBitCnt]];
  61          //              ComPort = BItCode[ScanBitCnt];
  62          //              Delay_Ms(1);
  63          //       }
  64          //}
  65          
  66          
  67          
  68          
  69          
  70          
  71          
  72          
  73          
  74          
  75          
  76          


MODULE INFORMATION:   STATIC OVERLAYABLE
   CODE SIZE        =    107    ----
   CONSTANT SIZE    =     28    ----
   XDATA SIZE       =   ----    ----
   PDATA SIZE       =   ----    ----
   DATA SIZE        =      7    ----
   IDATA SIZE       =   ----    ----
   BIT SIZE         =   ----    ----
END OF MODULE INFORMATION.


C51 COMPILATION COMPLETE.  0 WARNING(S),  0 ERROR(S)
