C51 COMPILER V9.00   APP                                                                   11/04/2018 19:00:48 PAGE 1   


C51 COMPILER V9.00, COMPILATION OF MODULE APP
OBJECT MODULE PLACED IN app.OBJ
COMPILER INVOKED BY: D:\Program Files (x86)\KEIL4\C51\BIN\C51.EXE app.c BROWSE DEBUG OBJECTEXTEND

line level    source

   1          #include "app.h"  //流水灯应用函数
   2          #include "delay.h"
   3          #define LED_Port P1
   4          void Mn_App(void)
   5          {
   6   1              uchar i;
   7   1              uchar LED_flow=0xfe;
   8   1              for(i=0;i<8;i++)
   9   1              {
  10   2                      LED_Port=LED_flow;
  11   2                      Delay_Ms(200);
  12   2                      LED_flow<<=1;
  13   2                      LED_flow++;
  14   2              }
  15   1              LED_flow-=0x80;
  16   1              for(i=0;i<7;i++)
  17   1              {
  18   2                      LED_flow>>=1;
  19   2                      LED_flow+=0x80;
  20   2                      LED_Port=LED_flow;
  21   2                      Delay_Ms(200);
  22   2              }
  23   1      }


MODULE INFORMATION:   STATIC OVERLAYABLE
   CODE SIZE        =     71    ----
   CONSTANT SIZE    =   ----    ----
   XDATA SIZE       =   ----    ----
   PDATA SIZE       =   ----    ----
   DATA SIZE        =   ----       2
   IDATA SIZE       =   ----    ----
   BIT SIZE         =   ----    ----
END OF MODULE INFORMATION.


C51 COMPILATION COMPLETE.  0 WARNING(S),  0 ERROR(S)
